<?xml version="1.0" encoding="UTF-8"?>
<!-- Generated by org.testng.reporters.JUnitReportReporter -->
<testsuite hostname="DESKTOP-5U4E5L3" failures="0" tests="1" name="GoogleTest" time="13.982" errors="0" timestamp="2024-04-15T21:25:28 IST" skipped="0">
  <testcase classname="GoogleTest" name="HomePageCheck" time="13.982"/>
</testsuite> <!-- GoogleTest -->
